Build started 1/3/2017 09:20:03.
     1>Project "E:\investigaciones\cuda_codes\CUDATemplateSimple\template_vs2013.vcxproj" on node 2 (Build target(s)).
     1>AddCudaCompileDeps:
         C:\Program Files (x86)\Microsoft Visual Studio 12.0\VC\bin\x86_amd64\cl.exe /E /nologo /showIncludes /TP /D__CUDACC__ /DWIN32 /DWIN32 /D_MBCS /D_MBCS /I./ /IC:\CUDA_samples\common\inc /I/ /I./ /IC:\CUDA_toolkit\/include /IC:\CUDA_samples\common\inc /I"C:\Program Files\ArrayFire\v3\include" /I/ /IC:\CUDA_toolkit\bin /IC:\CUDA_toolkit\include /I. /FIcuda_runtime.h /c E:\investigaciones\cuda_codes\CUDATemplateSimple\template.cu 
       CudaBuild:
         Compiling CUDA source file template.cu...
         cmd.exe /C "C:\Users\David\AppData\Local\Temp\tmpadf34a394ba04949b593d039faef3574.cmd"
         "C:\CUDA_toolkit\bin\nvcc.exe" -gencode=arch=compute_20,code=\"sm_20,compute_20\" -gencode=arch=compute_30,code=\"sm_30,compute_30\" -gencode=arch=compute_35,code=\"sm_35,compute_35\" -gencode=arch=compute_37,code=\"sm_37,compute_37\" -gencode=arch=compute_50,code=\"sm_50,compute_50\" -gencode=arch=compute_52,code=\"sm_52,compute_52\" --use-local-env --cl-version 2013 -ccbin "C:\Program Files (x86)\Microsoft Visual Studio 12.0\VC\bin\x86_amd64"  -I./ -IC:\CUDA_samples\common\inc -I/ -I./ -IC:\CUDA_toolkit\/include -IC:\CUDA_samples\common\inc -I"C:\Program Files\ArrayFire\v3\include" -I/ -IC:\CUDA_toolkit\include     --keep-dir x64\Release -maxrregcount=0  --machine 64 --compile -cudart static -Xcompiler "/wd 4819"     -DWIN32 -DWIN32 -D_MBCS -D_MBCS -Xcompiler "/EHsc /W3 /nologo /O2 /Zi  /MT " -o x64/Release/template.cu.obj "E:\investigaciones\cuda_codes\CUDATemplateSimple\template.cu"
         
         E:\investigaciones\cuda_codes\CUDATemplateSimple>"C:\CUDA_toolkit\bin\nvcc.exe" -gencode=arch=compute_20,code=\"sm_20,compute_20\" -gencode=arch=compute_30,code=\"sm_30,compute_30\" -gencode=arch=compute_35,code=\"sm_35,compute_35\" -gencode=arch=compute_37,code=\"sm_37,compute_37\" -gencode=arch=compute_50,code=\"sm_50,compute_50\" -gencode=arch=compute_52,code=\"sm_52,compute_52\" --use-local-env --cl-version 2013 -ccbin "C:\Program Files (x86)\Microsoft Visual Studio 12.0\VC\bin\x86_amd64"  -I./ -IC:\CUDA_samples\common\inc -I/ -I./ -IC:\CUDA_toolkit\/include -IC:\CUDA_samples\common\inc -I"C:\Program Files\ArrayFire\v3\include" -I/ -IC:\CUDA_toolkit\include     --keep-dir x64\Release -maxrregcount=0  --machine 64 --compile -cudart static -Xcompiler "/wd 4819"     -DWIN32 -DWIN32 -D_MBCS -D_MBCS -Xcompiler "/EHsc /W3 /nologo /O2 /Zi  /MT " -o x64/Release/template.cu.obj "E:\investigaciones\cuda_codes\CUDATemplateSimple\template.cu" 
         template.cu
     1>C:\Program Files (x86)\MSBuild\Microsoft.Cpp\v4.0\V120\Microsoft.CppBuild.targets(1193,5): warning MSB8012: TargetPath(E:\investigaciones\cuda_codes\CUDATemplateSimple\x64/Release/template.exe) does not match the Linker's OutputFile property value (E:\investigaciones\cuda_codes\CUDATemplateSimple\x64\Release\mainTemplate.exe). This may cause your project to build incorrectly. To correct this, please make sure that $(OutDir), $(TargetName) and $(TargetExt) property values match the value specified in %(Link.OutputFile).
     1>C:\Program Files (x86)\MSBuild\Microsoft.Cpp\v4.0\V120\Microsoft.CppBuild.targets(1195,5): warning MSB8012: TargetName(template) does not match the Linker's OutputFile property value (mainTemplate). This may cause your project to build incorrectly. To correct this, please make sure that $(OutDir), $(TargetName) and $(TargetExt) property values match the value specified in %(Link.OutputFile).
       Link:
         C:\Program Files (x86)\Microsoft Visual Studio 12.0\VC\bin\x86_amd64\link.exe /ERRORREPORT:PROMPT /OUT:"x64/Release//mainTemplate.exe" /NOLOGO /LIBPATH:C:\CUDA_toolkit\lib\x64 cudart_static.lib kernel32.lib user32.lib gdi32.lib winspool.lib comdlg32.lib advapi32.lib shell32.lib ole32.lib oleaut32.lib uuid.lib odbc32.lib odbccp32.lib kernel32.lib user32.lib gdi32.lib winspool.lib comdlg32.lib advapi32.lib shell32.lib ole32.lib oleaut32.lib uuid.lib odbc32.lib odbccp32.lib /MANIFEST /MANIFESTUAC:"level='asInvoker' uiAccess='false'" /manifest:embed /PDB:"x64/Release/template.pdb" /SUBSYSTEM:CONSOLE /LTCG /TLBID:1 /DYNAMICBASE /NXCOMPAT /IMPLIB:"x64/Release/template.lib" /MACHINE:X64 x64/Release/template.cu.obj
         x64/Release/main.obj
            Creating library x64/Release/template.lib and object x64/Release/template.exp
         Generating code
         Finished generating code
         template_vs2013.vcxproj -> E:\investigaciones\cuda_codes\CUDATemplateSimple\x64/Release/template.exe
     1>Done Building Project "E:\investigaciones\cuda_codes\CUDATemplateSimple\template_vs2013.vcxproj" (Build target(s)).

Build succeeded.

Time Elapsed 00:01:00.81
